<?xml version="1.0" encoding="UTF-8"?>
<testsuite name="libraryTest.PlayerTest" tests="2" skipped="0" failures="0" errors="0" timestamp="2021-11-01T01:07:33" hostname="madz" time="0.004">
  <properties/>
  <testcase name="isNotInPrison()" classname="libraryTest.PlayerTest" time="0.002"/>
  <testcase name="isNotBancrupt()" classname="libraryTest.PlayerTest" time="0.001"/>
  <system-out><![CDATA[]]></system-out>
  <system-err><![CDATA[]]></system-err>
</testsuite>
