<?xml version="1.0" encoding="UTF-8"?>
<testsuite name="libraryTest.BoardLocationTest" tests="1" skipped="0" failures="0" errors="0" timestamp="2021-11-01T01:07:33" hostname="madz" time="0.013">
  <properties/>
  <testcase name="constructorTest()" classname="libraryTest.BoardLocationTest" time="0.013"/>
  <system-out><![CDATA[]]></system-out>
  <system-err><![CDATA[]]></system-err>
</testsuite>
